<?xml version="1.0" encoding="UTF-8" ?>
<testsuite failures="0" time="0.007" errors="0" skipped="0" tests="3" name="com.sample.mvc.controller.EmployeeControllerTest">
  <properties>
[...]
</properties>
  <testcase time="0" classname="com.sample.mvc.controller.EmployeeControllerTest" name="testSetEmployeeService"/>
  <testcase time="0" classname="com.sample.mvc.controller.EmployeeControllerTest" name="testEmployeeControllerTrue"/>
  <testcase time="0.003" classname="com.sample.mvc.controller.EmployeeControllerTest" name="testHandleRequestInternal"/>
</testsuite>