<?xml version="1.0" encoding="UTF-8"?>
<coverage generated="1400675158633" clover="3.1.12">
   <project timestamp="1400675144037" name="Employee Management System 1.0-SNAPSHOT">
      <metrics conditionals="8" methods="26" classes="7" files="7" packages="4" coveredstatements="62" complexity="30" loc="277" ncloc="203" coveredmethods="26" coveredconditionals="8" statements="62" coveredelements="96" elements="96"/>
      <package name="com.sample.mvc.service">
         <metrics classes="1" methods="6" conditionals="8" files="1" ncloc="52" coveredstatements="24" coveredmethods="6" complexity="10" coveredconditionals="8" statements="24" loc="63" coveredelements="38" elements="38"/>
         <file name="EmployeeService.java" path="D:\ALMWorkspace\EmpMngmtSystem\src\main\java\com\sample\mvc\service\EmployeeService.java">
            <metrics classes="1" methods="6" conditionals="8" ncloc="52" coveredstatements="24" coveredmethods="6" complexity="10" coveredconditionals="8" statements="24" loc="63" coveredelements="38" elements="38"/>
            <class name="EmployeeService">
               <metrics methods="6" conditionals="8" coveredstatements="24" coveredmethods="6" complexity="10" coveredconditionals="8" statements="24" coveredelements="38" elements="38"/>
            </class>
            <line num="13" count="32" visibility="public" complexity="1" type="method" signature="setEmployeeList(List&lt;Employee&gt;) : void"/>
            <line num="14" count="32" type="stmt"/>
            <line num="17" count="16" visibility="public" complexity="1" type="method" signature="getEmployeeList() : List&lt;Employee&gt;"/>
            <line num="18" count="16" type="stmt"/>
            <line num="21" count="6" visibility="public" complexity="2" type="method" signature="findByEmployeeCode(int) : Employee"/>
            <line num="22" count="6" type="stmt"/>
            <line num="23" count="8" type="stmt"/>
            <line num="23" falsecount="4" type="cond" truecount="4"/>
            <line num="24" count="4" type="stmt"/>
            <line num="27" count="2" type="stmt"/>
            <line num="30" count="6" visibility="public" complexity="1" type="method" signature="addEmployee(Employee) : void"/>
            <line num="31" count="6" type="stmt"/>
            <line num="32" count="6" type="stmt"/>
            <line num="33" count="6" type="stmt"/>
            <line num="34" count="6" type="stmt"/>
            <line num="35" count="6" type="stmt"/>
            <line num="38" count="12" visibility="public" complexity="3" type="method" signature="deleteEmployee(int) : boolean"/>
            <line num="40" count="12" type="stmt"/>
            <line num="41" count="12" type="stmt"/>
            <line num="42" count="12" type="stmt"/>
            <line num="42" falsecount="12" type="cond" truecount="24"/>
            <line num="44" count="24" type="stmt"/>
            <line num="45" count="24" type="stmt"/>
            <line num="45" falsecount="16" type="cond" truecount="8"/>
            <line num="47" count="8" type="stmt"/>
            <line num="48" count="8" type="stmt"/>
            <line num="51" count="12" type="stmt"/>
            <line num="54" count="6" visibility="public" complexity="2" type="method" signature="editEmployee(Employee) : boolean"/>
            <line num="56" count="6" type="stmt"/>
            <line num="57" count="6" type="stmt"/>
            <line num="58" count="6" type="stmt"/>
            <line num="58" falsecount="2" type="cond" truecount="4"/>
            <line num="59" count="4" type="stmt"/>
            <line num="61" count="6" type="stmt"/>
         </file>
      </package>
      <package name="com.sample.mvc.domain">
         <metrics classes="1" methods="6" conditionals="0" files="1" ncloc="24" coveredstatements="6" coveredmethods="6" complexity="6" coveredconditionals="0" statements="6" loc="33" coveredelements="12" elements="12"/>
         <file name="Employee.java" path="D:\ALMWorkspace\EmpMngmtSystem\src\main\java\com\sample\mvc\domain\Employee.java">
            <metrics classes="1" methods="6" conditionals="0" ncloc="24" coveredstatements="6" coveredmethods="6" complexity="6" coveredconditionals="0" statements="6" loc="33" coveredelements="12" elements="12"/>
            <class name="Employee">
               <metrics methods="6" conditionals="0" coveredstatements="6" coveredmethods="6" complexity="6" coveredconditionals="0" statements="6" coveredelements="12" elements="12"/>
            </class>
            <line num="9" count="6" visibility="public" complexity="1" type="method" signature="getName() : String"/>
            <line num="10" count="6" type="stmt"/>
            <line num="13" count="66" visibility="public" complexity="1" type="method" signature="setName(String) : void"/>
            <line num="14" count="66" type="stmt"/>
            <line num="17" count="50" visibility="public" complexity="1" type="method" signature="getCode() : int"/>
            <line num="18" count="50" type="stmt"/>
            <line num="21" count="68" visibility="public" complexity="1" type="method" signature="setCode(int) : void"/>
            <line num="22" count="68" type="stmt"/>
            <line num="25" count="8" visibility="public" complexity="1" type="method" signature="getCity() : String"/>
            <line num="26" count="8" type="stmt"/>
            <line num="29" count="54" visibility="public" complexity="1" type="method" signature="setCity(String) : void"/>
            <line num="30" count="54" type="stmt"/>
         </file>
      </package>
      <package name="com.sample.mvc.command">
         <metrics classes="1" methods="6" conditionals="0" files="1" ncloc="24" coveredstatements="6" coveredmethods="6" complexity="6" coveredconditionals="0" statements="6" loc="33" coveredelements="12" elements="12"/>
         <file name="EmployeeCommand.java" path="D:\ALMWorkspace\EmpMngmtSystem\src\main\java\com\sample\mvc\command\EmployeeCommand.java">
            <metrics classes="1" methods="6" conditionals="0" ncloc="24" coveredstatements="6" coveredmethods="6" complexity="6" coveredconditionals="0" statements="6" loc="33" coveredelements="12" elements="12"/>
            <class name="EmployeeCommand">
               <metrics methods="6" conditionals="0" coveredstatements="6" coveredmethods="6" complexity="6" coveredconditionals="0" statements="6" coveredelements="12" elements="12"/>
            </class>
            <line num="9" count="10" visibility="public" complexity="1" type="method" signature="getName() : String"/>
            <line num="10" count="10" type="stmt"/>
            <line num="13" count="12" visibility="public" complexity="1" type="method" signature="setName(String) : void"/>
            <line num="14" count="12" type="stmt"/>
            <line num="17" count="12" visibility="public" complexity="1" type="method" signature="getCode() : int"/>
            <line num="18" count="12" type="stmt"/>
            <line num="21" count="12" visibility="public" complexity="1" type="method" signature="setCode(int) : void"/>
            <line num="22" count="12" type="stmt"/>
            <line num="25" count="4" visibility="public" complexity="1" type="method" signature="getCity() : String"/>
            <line num="26" count="4" type="stmt"/>
            <line num="29" count="12" visibility="public" complexity="1" type="method" signature="setCity(String) : void"/>
            <line num="30" count="12" type="stmt"/>
         </file>
      </package>
      <package name="com.sample.mvc.controller">
         <metrics classes="4" methods="8" conditionals="0" files="4" ncloc="103" coveredstatements="26" coveredmethods="8" complexity="8" coveredconditionals="0" statements="26" loc="148" coveredelements="34" elements="34"/>
         <file name="EmployeeAddController.java" path="D:\ALMWorkspace\EmpMngmtSystem\src\main\java\com\sample\mvc\controller\EmployeeAddController.java">
            <metrics classes="1" methods="2" conditionals="0" ncloc="28" coveredstatements="8" coveredmethods="2" complexity="2" coveredconditionals="0" statements="8" loc="39" coveredelements="10" elements="10"/>
            <class name="EmployeeAddController">
               <metrics methods="2" conditionals="0" coveredstatements="8" coveredmethods="2" complexity="2" coveredconditionals="0" statements="8" coveredelements="10" elements="10"/>
            </class>
            <line num="19" count="4" visibility="public" complexity="1" type="method" signature="setEmployeeService(EmployeeService) : void"/>
            <line num="20" count="4" type="stmt"/>
            <line num="26" count="2" visibility="protected" complexity="1" type="method" signature="onSubmit(HttpServletRequest,HttpServletResponse,Object,BindException) : ModelAndView"/>
            <line num="31" count="2" type="stmt"/>
            <line num="32" count="2" type="stmt"/>
            <line num="33" count="2" type="stmt"/>
            <line num="34" count="2" type="stmt"/>
            <line num="35" count="2" type="stmt"/>
            <line num="36" count="2" type="stmt"/>
            <line num="37" count="2" type="stmt"/>
         </file>
         <file name="EmployeeController.java" path="D:\ALMWorkspace\EmpMngmtSystem\src\main\java\com\sample\mvc\controller\EmployeeController.java">
            <metrics classes="1" methods="2" conditionals="0" ncloc="21" coveredstatements="4" coveredmethods="2" complexity="2" coveredconditionals="0" statements="4" loc="33" coveredelements="6" elements="6"/>
            <class name="EmployeeController">
               <metrics methods="2" conditionals="0" coveredstatements="4" coveredmethods="2" complexity="2" coveredconditionals="0" statements="4" coveredelements="6" elements="6"/>
            </class>
            <line num="19" count="4" visibility="public" complexity="1" type="method" signature="setEmployeeService(EmployeeService) : void"/>
            <line num="20" count="4" type="stmt"/>
            <line num="23" count="2" visibility="protected" complexity="1" type="method" signature="handleRequestInternal(HttpServletRequest,HttpServletResponse) : ModelAndView"/>
            <line num="27" count="2" type="stmt"/>
            <line num="28" count="2" type="stmt"/>
            <line num="30" count="2" type="stmt"/>
         </file>
         <file name="EmployeeDeleteController.java" path="D:\ALMWorkspace\EmpMngmtSystem\src\main\java\com\sample\mvc\controller\EmployeeDeleteController.java">
            <metrics classes="1" methods="2" conditionals="0" ncloc="26" coveredstatements="6" coveredmethods="2" complexity="2" coveredconditionals="0" statements="6" loc="37" coveredelements="8" elements="8"/>
            <class name="EmployeeDeleteController">
               <metrics methods="2" conditionals="0" coveredstatements="6" coveredmethods="2" complexity="2" coveredconditionals="0" statements="6" coveredelements="8" elements="8"/>
            </class>
            <line num="19" count="4" visibility="public" complexity="1" type="method" signature="setEmployeeService(EmployeeService) : void"/>
            <line num="20" count="4" type="stmt"/>
            <line num="26" count="2" visibility="protected" complexity="1" type="method" signature="onSubmit(HttpServletRequest,HttpServletResponse,Object,BindException) : ModelAndView"/>
            <line num="31" count="2" type="stmt"/>
            <line num="32" count="2" type="stmt"/>
            <line num="33" count="2" type="stmt"/>
            <line num="34" count="2" type="stmt"/>
            <line num="35" count="2" type="stmt"/>
         </file>
         <file name="EmployeeEditController.java" path="D:\ALMWorkspace\EmpMngmtSystem\src\main\java\com\sample\mvc\controller\EmployeeEditController.java">
            <metrics classes="1" methods="2" conditionals="0" ncloc="28" coveredstatements="8" coveredmethods="2" complexity="2" coveredconditionals="0" statements="8" loc="39" coveredelements="10" elements="10"/>
            <class name="EmployeeEditController">
               <metrics methods="2" conditionals="0" coveredstatements="8" coveredmethods="2" complexity="2" coveredconditionals="0" statements="8" coveredelements="10" elements="10"/>
            </class>
            <line num="19" count="4" visibility="public" complexity="1" type="method" signature="setEmployeeService(EmployeeService) : void"/>
            <line num="20" count="4" type="stmt"/>
            <line num="26" count="2" visibility="protected" complexity="1" type="method" signature="onSubmit(HttpServletRequest,HttpServletResponse,Object,BindException) : ModelAndView"/>
            <line num="31" count="2" type="stmt"/>
            <line num="32" count="2" type="stmt"/>
            <line num="33" count="2" type="stmt"/>
            <line num="34" count="2" type="stmt"/>
            <line num="35" count="2" type="stmt"/>
            <line num="36" count="2" type="stmt"/>
            <line num="37" count="2" type="stmt"/>
         </file>
      </package>
   </project>
   <testproject timestamp="1400675144037" name="Employee Management System 1.0-SNAPSHOT">
      <metrics conditionals="0" methods="31" classes="5" files="5" packages="2" coveredstatements="265" complexity="35" loc="588" ncloc="476" coveredmethods="31" coveredconditionals="0" statements="271" coveredelements="296" elements="302"/>
      <package name="com.sample.mvc.service">
         <metrics classes="1" methods="8" conditionals="0" files="1" ncloc="135" coveredstatements="96" coveredmethods="8" complexity="8" coveredconditionals="0" statements="96" loc="170" coveredelements="104" elements="104"/>
         <file name="EmployeeServiceTest.java" path="D:\ALMWorkspace\EmpMngmtSystem\src\test\java\com\sample\mvc\service\EmployeeServiceTest.java">
            <metrics classes="1" methods="8" conditionals="0" ncloc="135" coveredstatements="96" coveredmethods="8" complexity="8" coveredconditionals="0" statements="96" loc="170" coveredelements="104" elements="104"/>
            <class name="EmployeeServiceTest">
               <metrics conditionals="0" methods="8" coveredstatements="96" complexity="8" testpasses="16" testruns="16" coveredmethods="8" coveredconditionals="0" statements="96" testfailures="0" coveredelements="104" testduration="0.007" elements="104"/>
            </class>
            <line num="26" testsuccess="true" count="2" visibility="public" complexity="1" type="method" testduration="0.002" signature="testAddTrue() : void"/>
            <line num="28" count="2" type="stmt"/>
            <line num="29" count="2" type="stmt"/>
            <line num="30" count="2" type="stmt"/>
            <line num="31" count="2" type="stmt"/>
            <line num="32" count="2" type="stmt"/>
            <line num="33" count="2" type="stmt"/>
            <line num="34" count="2" type="stmt"/>
            <line num="35" count="2" type="stmt"/>
            <line num="36" count="2" type="stmt"/>
            <line num="37" count="2" type="stmt"/>
            <line num="44" testsuccess="true" count="2" visibility="public" complexity="1" type="method" testduration="0.001" signature="testAddFalse() : void"/>
            <line num="46" count="2" type="stmt"/>
            <line num="47" count="2" type="stmt"/>
            <line num="48" count="2" type="stmt"/>
            <line num="49" count="2" type="stmt"/>
            <line num="50" count="2" type="stmt"/>
            <line num="51" count="2" type="stmt"/>
            <line num="52" count="2" type="stmt"/>
            <line num="58" testsuccess="true" count="2" visibility="public" complexity="1" type="method" testduration="0.001" signature="findByEmployeeCodeTrue() : void"/>
            <line num="61" count="2" type="stmt"/>
            <line num="62" count="2" type="stmt"/>
            <line num="63" count="2" type="stmt"/>
            <line num="64" count="2" type="stmt"/>
            <line num="65" count="2" type="stmt"/>
            <line num="66" count="2" type="stmt"/>
            <line num="67" count="2" type="stmt"/>
            <line num="68" count="2" type="stmt"/>
            <line num="70" count="2" type="stmt"/>
            <line num="71" count="2" type="stmt"/>
            <line num="78" testsuccess="true" count="2" visibility="public" complexity="1" type="method" testduration="0.0" signature="findByEmployeeCodeFalse() : void"/>
            <line num="81" count="2" type="stmt"/>
            <line num="82" count="2" type="stmt"/>
            <line num="83" count="2" type="stmt"/>
            <line num="84" count="2" type="stmt"/>
            <line num="85" count="2" type="stmt"/>
            <line num="86" count="2" type="stmt"/>
            <line num="87" count="2" type="stmt"/>
            <line num="88" count="2" type="stmt"/>
            <line num="90" count="2" type="stmt"/>
            <line num="91" count="2" type="stmt"/>
            <line num="92" count="2" type="stmt"/>
            <line num="95" testsuccess="true" count="2" visibility="public" complexity="1" type="method" testduration="0.0" signature="deleteEmployeeTrue() : void"/>
            <line num="97" count="2" type="stmt"/>
            <line num="98" count="2" type="stmt"/>
            <line num="99" count="2" type="stmt"/>
            <line num="100" count="2" type="stmt"/>
            <line num="101" count="2" type="stmt"/>
            <line num="102" count="2" type="stmt"/>
            <line num="103" count="2" type="stmt"/>
            <line num="104" count="2" type="stmt"/>
            <line num="105" count="2" type="stmt"/>
            <line num="106" count="2" type="stmt"/>
            <line num="107" count="2" type="stmt"/>
            <line num="108" count="2" type="stmt"/>
            <line num="109" count="2" type="stmt"/>
            <line num="112" testsuccess="true" count="2" visibility="public" complexity="1" type="method" testduration="0.0" signature="deleteEmployeeFalse() : void"/>
            <line num="114" count="2" type="stmt"/>
            <line num="115" count="2" type="stmt"/>
            <line num="116" count="2" type="stmt"/>
            <line num="117" count="2" type="stmt"/>
            <line num="118" count="2" type="stmt"/>
            <line num="119" count="2" type="stmt"/>
            <line num="120" count="2" type="stmt"/>
            <line num="121" count="2" type="stmt"/>
            <line num="122" count="2" type="stmt"/>
            <line num="123" count="2" type="stmt"/>
            <line num="124" count="2" type="stmt"/>
            <line num="125" count="2" type="stmt"/>
            <line num="126" count="2" type="stmt"/>
            <line num="129" testsuccess="true" count="2" visibility="public" complexity="1" type="method" testduration="0.0" signature="editEmployeeTrue() : void"/>
            <line num="131" count="2" type="stmt"/>
            <line num="132" count="2" type="stmt"/>
            <line num="133" count="2" type="stmt"/>
            <line num="134" count="2" type="stmt"/>
            <line num="135" count="2" type="stmt"/>
            <line num="136" count="2" type="stmt"/>
            <line num="137" count="2" type="stmt"/>
            <line num="138" count="2" type="stmt"/>
            <line num="139" count="2" type="stmt"/>
            <line num="141" count="2" type="stmt"/>
            <line num="142" count="2" type="stmt"/>
            <line num="143" count="2" type="stmt"/>
            <line num="144" count="2" type="stmt"/>
            <line num="145" count="2" type="stmt"/>
            <line num="146" count="2" type="stmt"/>
            <line num="147" count="2" type="stmt"/>
            <line num="150" testsuccess="true" count="2" visibility="public" complexity="1" type="method" testduration="0.0" signature="editEmployeeFalse() : void"/>
            <line num="152" count="2" type="stmt"/>
            <line num="153" count="2" type="stmt"/>
            <line num="154" count="2" type="stmt"/>
            <line num="155" count="2" type="stmt"/>
            <line num="156" count="2" type="stmt"/>
            <line num="157" count="2" type="stmt"/>
            <line num="158" count="2" type="stmt"/>
            <line num="159" count="2" type="stmt"/>
            <line num="160" count="2" type="stmt"/>
            <line num="162" count="2" type="stmt"/>
            <line num="163" count="2" type="stmt"/>
            <line num="164" count="2" type="stmt"/>
            <line num="165" count="2" type="stmt"/>
            <line num="166" count="2" type="stmt"/>
            <line num="167" count="2" type="stmt"/>
            <line num="168" count="2" type="stmt"/>
         </file>
      </package>
      <package name="com.sample.mvc.controller">
         <metrics classes="4" methods="23" conditionals="0" files="4" ncloc="341" coveredstatements="169" coveredmethods="23" complexity="27" coveredconditionals="0" statements="175" loc="418" coveredelements="192" elements="198"/>
         <file name="EmployeeAddControllerTest.java" path="D:\ALMWorkspace\EmpMngmtSystem\src\test\java\com\sample\mvc\controller\EmployeeAddControllerTest.java">
            <metrics classes="1" methods="6" conditionals="0" ncloc="92" coveredstatements="47" coveredmethods="6" complexity="7" coveredconditionals="0" statements="49" loc="112" coveredelements="53" elements="55"/>
            <class name="EmployeeAddControllerTest">
               <metrics conditionals="0" methods="6" coveredstatements="47" complexity="7" testpasses="8" testruns="8" coveredmethods="6" coveredconditionals="0" statements="49" testfailures="0" coveredelements="53" testduration="0.26200002" elements="55"/>
            </class>
            <line num="39" testsuccess="true" count="2" visibility="public" complexity="1" type="method" testduration="0.071" signature="testEmployeeAddControllerTrue() : void"/>
            <line num="41" count="2" type="stmt"/>
            <line num="42" count="2" type="stmt"/>
            <line num="43" count="2" type="stmt"/>
            <line num="44" count="2" type="stmt"/>
            <line num="45" count="2" type="stmt"/>
            <line num="46" count="2" type="stmt"/>
            <line num="47" count="2" type="stmt"/>
            <line num="48" count="2" type="stmt"/>
            <line num="49" count="2" type="stmt"/>
            <line num="50" count="2" type="stmt"/>
            <line num="51" count="2" type="stmt"/>
            <line num="52" count="2" type="stmt"/>
            <line num="53" count="2" type="stmt"/>
            <line num="54" count="2" type="stmt"/>
            <line num="55" count="2" type="stmt"/>
            <line num="56" count="2" type="stmt"/>
            <line num="57" count="2" type="stmt"/>
            <line num="59" count="2" type="stmt"/>
            <line num="60" count="2" type="stmt"/>
            <line num="63" count="2" visibility="private" complexity="1" type="method" signature="mock(Class&lt;HttpServletRequest&gt;) : HttpServletRequest"/>
            <line num="64" count="2" type="stmt"/>
            <line num="67" count="2" visibility="private" complexity="1" type="method" signature="mock2(Class&lt;HttpServletResponse&gt;) : HttpServletResponse"/>
            <line num="68" count="2" type="stmt"/>
            <line num="71" testsuccess="true" count="2" visibility="public" complexity="1" type="method" testduration="0.0" signature="testSetEmployeeService() : void"/>
            <line num="73" count="2" type="stmt"/>
            <line num="74" count="2" type="stmt"/>
            <line num="77" testsuccess="true" count="2" visibility="public" complexity="2" type="method" testduration="0.013" signature="testOnsubmit() : void"/>
            <line num="79" count="2" type="stmt"/>
            <line num="80" count="2" type="stmt"/>
            <line num="81" count="2" type="stmt"/>
            <line num="82" count="2" type="stmt"/>
            <line num="83" count="2" type="stmt"/>
            <line num="84" count="2" type="stmt"/>
            <line num="85" count="2" type="stmt"/>
            <line num="86" count="2" type="stmt"/>
            <line num="87" count="2" type="stmt"/>
            <line num="88" count="2" type="stmt"/>
            <line num="89" count="2" type="stmt"/>
            <line num="90" count="2" type="stmt"/>
            <line num="91" count="2" type="stmt"/>
            <line num="92" count="2" type="stmt"/>
            <line num="93" count="2" type="stmt"/>
            <line num="94" count="2" type="stmt"/>
            <line num="95" count="2" type="stmt"/>
            <line num="96" count="2" type="stmt"/>
            <line num="98" count="0" type="stmt"/>
            <line num="99" count="0" type="stmt"/>
            <line num="101" count="2" type="stmt"/>
            <line num="104" testsuccess="true" count="2" visibility="public" complexity="1" type="method" testduration="0.025" signature="testOnsubmitCode() : void"/>
            <line num="106" count="2" type="stmt"/>
            <line num="107" count="2" type="stmt"/>
            <line num="108" count="2" type="stmt"/>
            <line num="109" count="2" type="stmt"/>
            <line num="110" count="2" type="stmt"/>
         </file>
         <file name="EmployeeControllerTest.java" path="D:\ALMWorkspace\EmpMngmtSystem\src\test\java\com\sample\mvc\controller\EmployeeControllerTest.java">
            <metrics classes="1" methods="5" conditionals="0" ncloc="64" coveredstatements="28" coveredmethods="5" complexity="6" coveredconditionals="0" statements="29" loc="84" coveredelements="33" elements="34"/>
            <class name="EmployeeControllerTest">
               <metrics conditionals="0" methods="5" coveredstatements="28" complexity="6" testpasses="6" testruns="6" coveredmethods="5" coveredconditionals="0" statements="29" testfailures="0" coveredelements="33" testduration="0.02" elements="34"/>
            </class>
            <line num="35" testsuccess="true" count="2" visibility="public" complexity="1" type="method" testduration="0.002" signature="testEmployeeControllerTrue() : void"/>
            <line num="37" count="2" type="stmt"/>
            <line num="38" count="2" type="stmt"/>
            <line num="39" count="2" type="stmt"/>
            <line num="40" count="2" type="stmt"/>
            <line num="41" count="2" type="stmt"/>
            <line num="42" count="2" type="stmt"/>
            <line num="43" count="2" type="stmt"/>
            <line num="44" count="2" type="stmt"/>
            <line num="45" count="2" type="stmt"/>
            <line num="46" count="2" type="stmt"/>
            <line num="50" count="2" visibility="private" complexity="1" type="method" signature="mock(Class&lt;HttpServletRequest&gt;) : HttpServletRequest"/>
            <line num="51" count="2" type="stmt"/>
            <line num="54" count="2" visibility="private" complexity="1" type="method" signature="mock2(Class&lt;HttpServletResponse&gt;) : HttpServletResponse"/>
            <line num="55" count="2" type="stmt"/>
            <line num="58" testsuccess="true" count="2" visibility="public" complexity="1" type="method" testduration="0.0" signature="testSetEmployeeService() : void"/>
            <line num="60" count="2" type="stmt"/>
            <line num="61" count="2" type="stmt"/>
            <line num="64" testsuccess="true" count="2" visibility="public" complexity="2" type="method" testduration="0.006" signature="testHandleRequestInternal() : void"/>
            <line num="66" count="2" type="stmt"/>
            <line num="67" count="2" type="stmt"/>
            <line num="68" count="2" type="stmt"/>
            <line num="69" count="2" type="stmt"/>
            <line num="70" count="2" type="stmt"/>
            <line num="71" count="2" type="stmt"/>
            <line num="72" count="2" type="stmt"/>
            <line num="73" count="2" type="stmt"/>
            <line num="74" count="2" type="stmt"/>
            <line num="75" count="2" type="stmt"/>
            <line num="76" count="2" type="stmt"/>
            <line num="77" count="2" type="stmt"/>
            <line num="78" count="2" type="stmt"/>
            <line num="79" count="2" type="stmt"/>
            <line num="81" count="0" type="stmt"/>
         </file>
         <file name="EmployeeDeleteControllerTest.java" path="D:\ALMWorkspace\EmpMngmtSystem\src\test\java\com\sample\mvc\controller\EmployeeDeleteControllerTest.java">
            <metrics classes="1" methods="6" conditionals="0" ncloc="90" coveredstatements="47" coveredmethods="6" complexity="7" coveredconditionals="0" statements="48" loc="108" coveredelements="53" elements="54"/>
            <class name="EmployeeDeleteControllerTest">
               <metrics conditionals="0" methods="6" coveredstatements="47" complexity="7" testpasses="8" testruns="8" coveredmethods="6" coveredconditionals="0" statements="48" testfailures="0" coveredelements="53" testduration="0.015000001" elements="54"/>
            </class>
            <line num="36" testsuccess="true" count="2" visibility="public" complexity="1" type="method" testduration="0.0" signature="testEmployeeDeleteControllerTrue() : void"/>
            <line num="38" count="2" type="stmt"/>
            <line num="39" count="2" type="stmt"/>
            <line num="40" count="2" type="stmt"/>
            <line num="41" count="2" type="stmt"/>
            <line num="42" count="2" type="stmt"/>
            <line num="43" count="2" type="stmt"/>
            <line num="44" count="2" type="stmt"/>
            <line num="45" count="2" type="stmt"/>
            <line num="46" count="2" type="stmt"/>
            <line num="47" count="2" type="stmt"/>
            <line num="48" count="2" type="stmt"/>
            <line num="49" count="2" type="stmt"/>
            <line num="50" count="2" type="stmt"/>
            <line num="51" count="2" type="stmt"/>
            <line num="52" count="2" type="stmt"/>
            <line num="53" count="2" type="stmt"/>
            <line num="54" count="2" type="stmt"/>
            <line num="56" count="2" type="stmt"/>
            <line num="57" count="2" type="stmt"/>
            <line num="60" count="2" visibility="private" complexity="1" type="method" signature="mock(Class&lt;HttpServletRequest&gt;) : HttpServletRequest"/>
            <line num="61" count="2" type="stmt"/>
            <line num="64" count="2" visibility="private" complexity="1" type="method" signature="mock2(Class&lt;HttpServletResponse&gt;) : HttpServletResponse"/>
            <line num="65" count="2" type="stmt"/>
            <line num="68" testsuccess="true" count="2" visibility="public" complexity="1" type="method" testduration="0.001" signature="testSetEmployeeService() : void"/>
            <line num="70" count="2" type="stmt"/>
            <line num="71" count="2" type="stmt"/>
            <line num="74" testsuccess="true" count="2" visibility="public" complexity="2" type="method" testduration="0.009" signature="testOnsubmit() : void"/>
            <line num="76" count="2" type="stmt"/>
            <line num="77" count="2" type="stmt"/>
            <line num="78" count="2" type="stmt"/>
            <line num="79" count="2" type="stmt"/>
            <line num="80" count="2" type="stmt"/>
            <line num="81" count="2" type="stmt"/>
            <line num="82" count="2" type="stmt"/>
            <line num="83" count="2" type="stmt"/>
            <line num="84" count="2" type="stmt"/>
            <line num="85" count="2" type="stmt"/>
            <line num="86" count="2" type="stmt"/>
            <line num="87" count="2" type="stmt"/>
            <line num="88" count="2" type="stmt"/>
            <line num="89" count="2" type="stmt"/>
            <line num="90" count="2" type="stmt"/>
            <line num="91" count="2" type="stmt"/>
            <line num="92" count="2" type="stmt"/>
            <line num="93" count="2" type="stmt"/>
            <line num="95" count="0" type="stmt"/>
            <line num="97" count="2" type="stmt"/>
            <line num="100" testsuccess="true" count="2" visibility="public" complexity="1" type="method" testduration="0.001" signature="testOnsubmitCode() : void"/>
            <line num="102" count="2" type="stmt"/>
            <line num="103" count="2" type="stmt"/>
            <line num="104" count="2" type="stmt"/>
            <line num="105" count="2" type="stmt"/>
            <line num="106" count="2" type="stmt"/>
         </file>
         <file name="EmployeeEditControllerTest.java" path="D:\ALMWorkspace\EmpMngmtSystem\src\test\java\com\sample\mvc\controller\EmployeeEditControllerTest.java">
            <metrics classes="1" methods="6" conditionals="0" ncloc="95" coveredstatements="47" coveredmethods="6" complexity="7" coveredconditionals="0" statements="49" loc="114" coveredelements="53" elements="55"/>
            <class name="EmployeeEditControllerTest">
               <metrics conditionals="0" methods="6" coveredstatements="47" complexity="7" testpasses="8" testruns="8" coveredmethods="6" coveredconditionals="0" statements="49" testfailures="0" coveredelements="53" testduration="0.015000001" elements="55"/>
            </class>
            <line num="40" testsuccess="true" count="2" visibility="public" complexity="1" type="method" testduration="0.003" signature="testEmployeeEditControllerTrue() : void"/>
            <line num="42" count="2" type="stmt"/>
            <line num="43" count="2" type="stmt"/>
            <line num="44" count="2" type="stmt"/>
            <line num="45" count="2" type="stmt"/>
            <line num="46" count="2" type="stmt"/>
            <line num="47" count="2" type="stmt"/>
            <line num="48" count="2" type="stmt"/>
            <line num="49" count="2" type="stmt"/>
            <line num="50" count="2" type="stmt"/>
            <line num="51" count="2" type="stmt"/>
            <line num="52" count="2" type="stmt"/>
            <line num="53" count="2" type="stmt"/>
            <line num="54" count="2" type="stmt"/>
            <line num="55" count="2" type="stmt"/>
            <line num="56" count="2" type="stmt"/>
            <line num="57" count="2" type="stmt"/>
            <line num="58" count="2" type="stmt"/>
            <line num="60" count="2" type="stmt"/>
            <line num="61" count="2" type="stmt"/>
            <line num="64" count="2" visibility="private" complexity="1" type="method" signature="mock(Class&lt;HttpServletRequest&gt;) : HttpServletRequest"/>
            <line num="65" count="2" type="stmt"/>
            <line num="68" count="2" visibility="private" complexity="1" type="method" signature="mock2(Class&lt;HttpServletResponse&gt;) : HttpServletResponse"/>
            <line num="69" count="2" type="stmt"/>
            <line num="72" testsuccess="true" count="2" visibility="public" complexity="1" type="method" testduration="0.0" signature="testSetEmployeeService() : void"/>
            <line num="74" count="2" type="stmt"/>
            <line num="75" count="2" type="stmt"/>
            <line num="78" testsuccess="true" count="2" visibility="public" complexity="2" type="method" testduration="0.001" signature="testOnsubmit() : void"/>
            <line num="80" count="2" type="stmt"/>
            <line num="81" count="2" type="stmt"/>
            <line num="82" count="2" type="stmt"/>
            <line num="83" count="2" type="stmt"/>
            <line num="84" count="2" type="stmt"/>
            <line num="85" count="2" type="stmt"/>
            <line num="86" count="2" type="stmt"/>
            <line num="87" count="2" type="stmt"/>
            <line num="88" count="2" type="stmt"/>
            <line num="89" count="2" type="stmt"/>
            <line num="90" count="2" type="stmt"/>
            <line num="91" count="2" type="stmt"/>
            <line num="92" count="2" type="stmt"/>
            <line num="93" count="2" type="stmt"/>
            <line num="94" count="2" type="stmt"/>
            <line num="95" count="2" type="stmt"/>
            <line num="96" count="2" type="stmt"/>
            <line num="97" count="2" type="stmt"/>
            <line num="99" count="0" type="stmt"/>
            <line num="100" count="0" type="stmt"/>
            <line num="102" count="2" type="stmt"/>
            <line num="105" testsuccess="true" count="2" visibility="public" complexity="1" type="method" testduration="0.0" signature="testOnsubmitCode() : void"/>
            <line num="107" count="2" type="stmt"/>
            <line num="108" count="2" type="stmt"/>
            <line num="109" count="2" type="stmt"/>
            <line num="110" count="2" type="stmt"/>
            <line num="111" count="2" type="stmt"/>
         </file>
      </package>
   </testproject>
</coverage>